-------------------------------------------------------------------------------
Test set: com.example.demo.Sdp3ApplicationTests
-------------------------------------------------------------------------------
Tests run: 1, Failures: 0, Errors: 1, Skipped: 0, Time elapsed: 0.787 s <<< FAILURE! - in com.example.demo.Sdp3ApplicationTests
com.example.demo.Sdp3ApplicationTests  Time elapsed: 0.785 s  <<< ERROR!
java.lang.IllegalStateException: Unable to find a @SpringBootConfiguration, you need to use @ContextConfiguration or @SpringBootTest(classes=...) with your test

